<?xml version="1.0" encoding="UTF-8"?>
<!-- Generated by org.testng.reporters.JUnitXMLReporter -->
<testsuite ignored="0" hostname="DESKTOP-C3D4EMT" failures="0" tests="3" name="Test-1" time="82.531" errors="0" timestamp="2024-08-03T14:49:56 IST">
  <testcase classname="com.comfast.crm.orgtest.CreateOrgnizationTest" name="createOrgaanisationWithIndustriesTest" time="18.635"/>
  <testcase classname="com.comfast.crm.orgtest.CreateOrgnizationTest" name="createOrgaanisationWithPhoneTest" time="19.241"/>
  <testcase classname="com.comfast.crm.orgtest.CreateOrgnizationTest" name="createOrgnizationTest" time="16.574"/>
</testsuite> <!-- Test-1 -->
