<?xml version="1.0" encoding="UTF-8"?>
<!-- Generated by org.testng.reporters.JUnitXMLReporter -->
<testsuite ignored="0" hostname="DESKTOP-C3D4EMT" failures="0" tests="3" name="Test-2" time="93.475" errors="0" timestamp="2024-08-03T14:50:07 IST">
  <testcase classname="com.comfast.crm.contacttest.CreateContactTest" name="createContactTest" time="18.697"/>
  <testcase classname="com.comfast.crm.contacttest.CreateContactTest" name="createContactWithOrgTest" time="35.647"/>
  <testcase classname="com.comfast.crm.contacttest.CreateContactTest" name="createContactWithSupportDate" time="11.018"/>
</testsuite> <!-- Test-2 -->
