<?xml version="1.0" encoding="UTF-8"?>
<!-- Generated by org.testng.reporters.JUnitReportReporter -->
<testsuite hostname="DESKTOP-C3D4EMT" failures="0" tests="2" name="com.config.practice1.CreateContact" time="0.025" errors="0" timestamp="2024-08-02T15:27:12 IST" skipped="0">
  <testcase classname="com.config.practice1.CreateContact" name="createContact" time="0.015"/>
  <system-out/>
  <testcase classname="com.config.practice1.CreateContact" name="createContactWithDate" time="0.010"/>
  <system-out/>
</testsuite> <!-- com.config.practice1.CreateContact -->
