<?xml version="1.0" encoding="UTF-8"?>
<!-- Generated by org.testng.reporters.JUnitReportReporter -->
<testsuite hostname="DESKTOP-C3D4EMT" failures="0" tests="1" name="practiceWithTestNg.screenShotFullPage" time="6.402" errors="0" timestamp="2024-08-06T10:56:19 IST" skipped="0">
  <testcase classname="practiceWithTestNg.screenShotFullPage" name="amazonfullpageTest" time="6.402"/>
  <system-out/>
</testsuite> <!-- practiceWithTestNg.screenShotFullPage -->
