<?xml version="1.0" encoding="UTF-8"?>
<!-- Generated by org.testng.reporters.JUnitReportReporter -->
<testsuite hostname="DESKTOP-C3D4EMT" failures="0" tests="2" name="practicea_Assert_homeTest.HomePageVerificationTest" time="14.355" errors="0" timestamp="2024-08-05T11:21:53 IST" skipped="0">
  <testcase classname="practicea_Assert_homeTest.HomePageVerificationTest" name="homePageTest" time="7.395"/>
  <system-out/>
  <testcase classname="practicea_Assert_homeTest.HomePageVerificationTest" name="verifyLogoHomePageTest" time="6.960"/>
  <system-out/>
</testsuite> <!-- practicea_Assert_homeTest.HomePageVerificationTest -->
