<?xml version="1.0" encoding="UTF-8"?>
<!-- Generated by org.testng.reporters.JUnitReportReporter -->
<testsuite hostname="DESKTOP-C3D4EMT" failures="0" tests="3" name="practiceWithTestNg.MultipleDateProviderSample" time="0.014" errors="0" timestamp="2024-08-03T10:34:27 IST" skipped="0">
  <testcase classname="practiceWithTestNg.MultipleDateProviderSample" name="createContactTest" time="0.010"/>
  <system-out/>
  <testcase classname="practiceWithTestNg.MultipleDateProviderSample" name="createContactTest" time="0.002"/>
  <system-out/>
  <testcase classname="practiceWithTestNg.MultipleDateProviderSample" name="createContactTest" time="0.002"/>
  <system-out/>
</testsuite> <!-- practiceWithTestNg.MultipleDateProviderSample -->
