<?xml version="1.0" encoding="UTF-8"?>
<!-- Generated by org.testng.reporters.JUnitReportReporter -->
<testsuite hostname="DESKTOP-C3D4EMT" failures="0" tests="3" name="practiceWithTestNg.GetProductInfoTest" time="29.332" errors="0" timestamp="2024-08-02T12:10:03 IST" skipped="0">
  <testcase classname="practiceWithTestNg.GetProductInfoTest" name="GetProductInfo1Test" time="8.935"/>
  <system-out/>
  <testcase classname="practiceWithTestNg.GetProductInfoTest" name="GetProductInfo1Test" time="9.044"/>
  <system-out/>
  <testcase classname="practiceWithTestNg.GetProductInfoTest" name="GetProductInfo1Test" time="11.353"/>
  <system-out/>
</testsuite> <!-- practiceWithTestNg.GetProductInfoTest -->
