<?xml version="1.0" encoding="UTF-8"?>
<!-- Generated by org.testng.reporters.JUnitReportReporter -->
<testsuite hostname="DESKTOP-C3D4EMT" failures="0" tests="1" name="com.comfast.crm.contacttest.CreateContactTest" time="16.799" errors="0" timestamp="2024-08-08T14:35:44 IST" skipped="0">
  <testcase classname="com.comfast.crm.contacttest.CreateContactTest" name="createContactTest" time="16.799"/>
  <system-out/>
</testsuite> <!-- com.comfast.crm.contacttest.CreateContactTest -->
