<?xml version="1.0" encoding="UTF-8"?>
<!-- Generated by org.testng.reporters.JUnitReportReporter -->
<testsuite hostname="DESKTOP-C3D4EMT" failures="0" tests="1" name="com.comfast.crm.orgtest.CreateOrgnizationTest" time="18.703" errors="0" timestamp="2024-08-10T15:34:01 IST" skipped="0">
  <testcase classname="com.comfast.crm.orgtest.CreateOrgnizationTest" name="createOrgnizationTest" time="18.703"/>
  <system-out/>
</testsuite> <!-- com.comfast.crm.orgtest.CreateOrgnizationTest -->
