<?xml version="1.0" encoding="UTF-8"?>
<!-- Generated by org.testng.reporters.JUnitReportReporter -->
<testsuite hostname="DESKTOP-C3D4EMT" failures="0" tests="1" name="com.comfast.crm.orgtest.DeleteOrgTest" time="19.412" errors="0" timestamp="2024-08-03T12:34:22 IST" skipped="0">
  <testcase classname="com.comfast.crm.orgtest.DeleteOrgTest" name="dDeleteOrgTest" time="19.412"/>
  <system-out/>
</testsuite> <!-- com.comfast.crm.orgtest.DeleteOrgTest -->
