<?xml version="1.0" encoding="UTF-8"?>
<!-- Generated by org.testng.reporters.JUnitReportReporter -->
<testsuite hostname="DESKTOP-C3D4EMT" failures="0" tests="2" name="practicea_Assert_homeTest.HomePage_Report1" time="0.017" errors="0" timestamp="2024-08-05T15:40:38 IST" skipped="0">
  <testcase classname="practicea_Assert_homeTest.HomePage_Report1" name="homePageTest" time="0.012"/>
  <system-out>
    <![CDATA[homePageTest Test Start 
step-1
step-2
step-4
homePageTest Test End ]]>
  </system-out>
  <testcase classname="practicea_Assert_homeTest.HomePage_Report1" name="verifyLogoHomePageTest" time="0.005"/>
  <system-out>
    <![CDATA[verifyLogoHomePageTest Test Start 
step-1
step-2
step-3
verifyLogoHomePageTest Test End ]]>
  </system-out>
</testsuite> <!-- practicea_Assert_homeTest.HomePage_Report1 -->
