<?xml version="1.0" encoding="UTF-8"?>
<!-- Generated by org.testng.reporters.JUnitReportReporter -->
<testsuite hostname="DESKTOP-C3D4EMT" failures="0" tests="2" name="com.crm.comcastorgpracticeTest.CreateOrgTest" time="0.024" errors="0" timestamp="2024-08-02T15:27:12 IST" skipped="0">
  <testcase classname="com.crm.comcastorgpracticeTest.CreateOrgTest" name="createOrg" time="0.015"/>
  <system-out/>
  <testcase classname="com.crm.comcastorgpracticeTest.CreateOrgTest" name="createOrgWithindustry" time="0.009"/>
  <system-out/>
</testsuite> <!-- com.crm.comcastorgpracticeTest.CreateOrgTest -->
